
chooseSmpdHosts()
Node file: compute-0-15

chooseSmpdPort()

launchSmpds()
Starting SMPD on compute-0-15  ...
ssh compute-0-15 "/share/apps/MATLAB/R2014a/bin/mw_smpd" -s -phrase MATLAB -port 20950
All SMPDs launched

chooseMachineArg()
Machine args: -n 3

runMpiexec()
"/share/apps/MATLAB/R2014a/bin/mw_mpiexec" -phrase MATLAB -port 20950 -l -n 3 -genvlist MDCE_DECODE_FUNCTION,MDCE_STORAGE_LOCATION,MDCE_STORAGE_CONSTRUCTOR,MDCE_JOB_LOCATION "/share/apps/MATLAB/R2014a/bin/worker" -parallel 

[0]                            < M A T L A B (R) >
[0]                  Copyright 1984-2014 The MathWorks, Inc.
[0]                    R2014a (8.3.0.532) 64-bit (glnxa64)
[0]                             February 11, 2014
[1]                            < M A T L A B (R) >
[1]                  Copyright 1984-2014 The MathWorks, Inc.
[1]                    R2014a (8.3.0.532) 64-bit (glnxa64)
[1]                             February 11, 2014
[2]                            < M A T L A B (R) >
[2]                  Copyright 1984-2014 The MathWorks, Inc.
[2]                    R2014a (8.3.0.532) 64-bit (glnxa64)
[2]                             February 11, 2014
[0] 
[2] 
[0]To get started, type one of these: helpwin, helpdesk, or demo.
[0]For product information, visit www.mathworks.com.
[0] 
[1] 
[2]To get started, type one of these: helpwin, helpdesk, or demo.
[2]For product information, visit www.mathworks.com.
[2] 
[1]To get started, type one of these: helpwin, helpdesk, or demo.
[1]For product information, visit www.mathworks.com.
[1] 
[0]>> [1]>> [2]>> Sending a stop signal to all the labs...
[0]2014-10-08 12:55:02 | About to exit MATLAB normally
[0]2014-10-08 12:55:02 | About to exit with code: 0
{0}

cleanupAndExit()

Stopping SMPD on  compute-0-15 ...
ssh compute-0-15 "/share/apps/MATLAB/R2014a/bin/mw_smpd" -shutdown -phrase MATLAB -port 20950
Exiting with code: 0
